This is pdfTeX, Version 3.14159265-2.6-1.40.20 (TeX Live 2019/Debian) (preloaded format=pdflatex 2022.7.29)  29 JUL 2022 11:09
entering extended mode
 restricted \write18 enabled.
 %&-line parsing enabled.
**refman
(./refman.tex
LaTeX2e <2020-02-02> patch level 2
L3 programming layer <2020-02-14>
(/usr/share/texlive/texmf-dist/tex/latex/base/article.cls
Document Class: article 2019/12/20 v1.4l Standard LaTeX document class
(/usr/share/texlive/texmf-dist/tex/latex/base/size10.clo
File: size10.clo 2019/12/20 v1.4l Standard LaTeX file (size option)
)
\c@part=\count167
\c@section=\count168
\c@subsection=\count169
\c@subsubsection=\count170
\c@paragraph=\count171
\c@subparagraph=\count172
\c@figure=\count173
\c@table=\count174
\abovecaptionskip=\skip47
\belowcaptionskip=\skip48
\bibindent=\dimen134
)
(/usr/share/texlive/texmf-dist/tex/latex/base/ifthen.sty
Package: ifthen 2014/09/29 v1.1c Standard LaTeX ifthen package (DPC)
)
(/usr/share/texlive/texmf-dist/tex/latex/tools/array.sty
Rollback for package 'array' requested -> date 2016-10-06.
         Best approximation is the release introduced on 2016-10-06.

(/usr/share/texlive/texmf-dist/tex/latex/tools/array-2016-10-06.sty
Package: array 2016/10/06 v2.4d Tabular extension package (FMi)
\col@sep=\dimen135
\extrarowheight=\dimen136
\NC@list=\toks14
\extratabsurround=\skip49
\backup@length=\skip50
))
(/usr/share/texlive/texmf-dist/tex/latex/base/fixltx2e.sty
Package: fixltx2e 2016/12/29 v2.1a fixes to LaTeX (obsolete)
Applying: [2015/01/01] Old fixltx2e package on input line 46.


Package fixltx2e Warning: fixltx2e is not required with releases after 2015
(fixltx2e)                All fixes are now in the LaTeX kernel.
(fixltx2e)                See the latexrelease package for details.

Already applied: [0000/00/00] Old fixltx2e package on input line 53.
) (/usr/share/texlive/texmf-dist/tex/latex/tools/calc.sty
Package: calc 2017/05/25 v4.3 Infix arithmetic (KKT,FJ)
\calc@Acount=\count175
\calc@Bcount=\count176
\calc@Adimen=\dimen137
\calc@Bdimen=\dimen138
\calc@Askip=\skip51
\calc@Bskip=\skip52
LaTeX Info: Redefining \setlength on input line 80.
LaTeX Info: Redefining \addtolength on input line 81.
\calc@Ccount=\count177
\calc@Cskip=\skip53
) (./doxygen.sty
Package: doxygen 

(/usr/share/texlive/texmf-dist/tex/latex/base/alltt.sty
Package: alltt 1997/06/16 v2.0g defines alltt environment
)
(/usr/share/texlive/texmf-dist/tex/latex/float/float.sty
Package: float 2001/11/08 v1.3d Float enhancements (AL)
\c@float@type=\count178
\float@exts=\toks15
\float@box=\box45
\@float@everytoks=\toks16
\@floatcapt=\box46
)
(/usr/share/texlive/texmf-dist/tex/latex/tools/verbatim.sty
Package: verbatim 2019/11/10 v1.5r LaTeX2e package for verbatim enhancements
\every@verbatim=\toks17
\verbatim@line=\toks18
\verbatim@in@stream=\read2
)
(/usr/share/texlive/texmf-dist/tex/latex/xcolor/xcolor.sty
Package: xcolor 2016/05/11 v2.12 LaTeX color extensions (UK)

(/usr/share/texlive/texmf-dist/tex/latex/graphics-cfg/color.cfg
File: color.cfg 2016/01/02 v1.6 sample color configuration
)
Package xcolor Info: Driver file: pdftex.def on input line 225.

(/usr/share/texlive/texmf-dist/tex/latex/graphics-def/pdftex.def
File: pdftex.def 2018/01/08 v1.0l Graphics/color driver for pdftex
)
(/usr/share/texlive/texmf-dist/tex/latex/colortbl/colortbl.sty
Package: colortbl 2020/01/04 v1.0e Color table columns (DPC)
\everycr=\toks19
\minrowclearance=\skip54
)
\rownum=\count179
Package xcolor Info: Model `cmy' substituted by `cmy0' on input line 1348.
Package xcolor Info: Model `hsb' substituted by `rgb' on input line 1352.
Package xcolor Info: Model `RGB' extended on input line 1364.
Package xcolor Info: Model `HTML' substituted by `rgb' on input line 1366.
Package xcolor Info: Model `Hsb' substituted by `hsb' on input line 1367.
Package xcolor Info: Model `tHsb' substituted by `hsb' on input line 1368.
Package xcolor Info: Model `HSB' substituted by `hsb' on input line 1369.
Package xcolor Info: Model `Gray' substituted by `gray' on input line 1370.
Package xcolor Info: Model `wave' substituted by `hsb' on input line 1371.
)
(./longtable_doxygen.sty
Package: longtable_doxygen 2014/10/28 v4.11 Multi-page Table package (DPC) - fr
ozen version for doxygen
\LTleft=\skip55
\LTright=\skip56
\LTpre=\skip57
\LTpost=\skip58
\LTchunksize=\count180
\LTcapwidth=\dimen139
\LT@head=\box47
\LT@firsthead=\box48
\LT@foot=\box49
\LT@lastfoot=\box50
\LT@cols=\count181
\LT@rows=\count182
\c@LT@tables=\count183
\c@LT@chunks=\count184
\LT@p@ftn=\toks20
) (./tabu_doxygen.sty
Package: tabu_doxygen 2011/02/26 v2.8 - flexible LaTeX tabulars (FC), frozen ve
rsion for doxygen

(/usr/share/texlive/texmf-dist/tex/latex/varwidth/varwidth.sty
Package: varwidth 2009/03/30 ver 0.92;  Variable-width minipages
\@vwid@box=\box51
\sift@deathcycles=\count185
\@vwid@loff=\dimen140
\@vwid@roff=\dimen141
)
\c@taburow=\count186
\tabu@nbcols=\count187
\tabu@cnt=\count188
\tabu@Xcol=\count189
\tabu@alloc=\count190
\tabu@nested=\count191
\tabu@target=\dimen142
\tabu@spreadtarget=\dimen143
\tabu@naturalX=\dimen144
\tabucolX=\dimen145
\tabu@Xsum=\dimen146
\extrarowdepth=\dimen147
\abovetabulinesep=\dimen148
\belowtabulinesep=\dimen149
\tabustrutrule=\dimen150
\tabu@thebody=\toks21
\tabu@footnotes=\toks22
\tabu@box=\box52
\tabu@arstrutbox=\box53
\tabu@hleads=\box54
\tabu@vleads=\box55
\tabu@cellskip=\skip59
)
(/usr/share/texlive/texmf-dist/tex/latex/fancyvrb/fancyvrb.sty
Package: fancyvrb 2020/01/13 v3.5 verbatim text (tvz,hv)

(/usr/share/texlive/texmf-dist/tex/latex/graphics/keyval.sty
Package: keyval 2014/10/28 v1.15 key=value parser (DPC)
\KV@toks@=\toks23
)
\FV@CodeLineNo=\count192
\FV@InFile=\read3
\FV@TabBox=\box56
\c@FancyVerbLine=\count193
\FV@StepNumber=\count194
\FV@OutFile=\write3
)
(/usr/share/texlive/texmf-dist/tex/latex/tools/tabularx.sty
Package: tabularx 2020/01/15 v2.11c `tabularx' package (DPC)
\TX@col@width=\dimen151
\TX@old@table=\dimen152
\TX@old@col=\dimen153
\TX@target=\dimen154
\TX@delta=\dimen155
\TX@cols=\count195
\TX@ftn=\toks24
)
(/usr/share/texlive/texmf-dist/tex/latex/multirow/multirow.sty
Package: multirow 2019/05/31 v2.5 Span multiple rows of a table
\multirow@colwidth=\skip60
\multirow@cntb=\count196
\multirow@dima=\skip61
\bigstrutjot=\dimen156
)
(/usr/share/texlive/texmf-dist/tex/latex/hanging/hanging.sty
Package: hanging 2009/09/02 v1.2b hanging paragraphs and punctuation
\h@ngcommawd=\skip62
\h@ngfstopwd=\skip63
\h@ngquotewd=\skip64
\h@ngdquotewd=\skip65
\h@ngquerywd=\skip66
\h@ngexclwd=\skip67
\h@ngcolonwd=\skip68
\h@ngscolonwd=\skip69
)
(/usr/share/texlive/texmf-dist/tex/generic/iftex/ifpdf.sty
Package: ifpdf 2019/10/25 v3.4 ifpdf legacy package. Use iftex instead.

(/usr/share/texlive/texmf-dist/tex/generic/iftex/iftex.sty
Package: iftex 2019/11/07 v1.0c TeX engine tests
))
(/usr/share/texlive/texmf-dist/tex/latex/adjustbox/adjustbox.sty
Package: adjustbox 2019/01/04 v1.2 Adjusting TeX boxes (trim, clip, ...)

(/usr/share/texlive/texmf-dist/tex/latex/xkeyval/xkeyval.sty
Package: xkeyval 2014/12/03 v2.7a package option processing (HA)

(/usr/share/texlive/texmf-dist/tex/generic/xkeyval/xkeyval.tex
(/usr/share/texlive/texmf-dist/tex/generic/xkeyval/xkvutils.tex
\XKV@toks=\toks25
\XKV@tempa@toks=\toks26
)
\XKV@depth=\count197
File: xkeyval.tex 2014/12/03 v2.7a key=value parser (HA)
))
(/usr/share/texlive/texmf-dist/tex/latex/adjustbox/adjcalc.sty
Package: adjcalc 2012/05/16 v1.1 Provides advanced setlength with multiple back
-ends (calc, etex, pgfmath)
)
(/usr/share/texlive/texmf-dist/tex/latex/adjustbox/trimclip.sty
Package: trimclip 2018/04/08 v1.1 Trim and clip general TeX material

(/usr/share/texlive/texmf-dist/tex/latex/graphics/graphicx.sty
Package: graphicx 2019/11/30 v1.2a Enhanced LaTeX Graphics (DPC,SPQR)

(/usr/share/texlive/texmf-dist/tex/latex/graphics/graphics.sty
Package: graphics 2019/11/30 v1.4a Standard LaTeX Graphics (DPC,SPQR)

(/usr/share/texlive/texmf-dist/tex/latex/graphics/trig.sty
Package: trig 2016/01/03 v1.10 sin cos tan (DPC)
)
(/usr/share/texlive/texmf-dist/tex/latex/graphics-cfg/graphics.cfg
File: graphics.cfg 2016/06/04 v1.11 sample graphics configuration
)
Package graphics Info: Driver file: pdftex.def on input line 105.
)
\Gin@req@height=\dimen157
\Gin@req@width=\dimen158
)
(/usr/share/texlive/texmf-dist/tex/latex/collectbox/collectbox.sty
Package: collectbox 2012/05/17 v0.4b Collect macro arguments as boxes
\collectedbox=\box57
)
\tc@llx=\dimen159
\tc@lly=\dimen160
\tc@urx=\dimen161
\tc@ury=\dimen162
Package trimclip Info: Using driver 'tc-pdftex.def'.

(/usr/share/texlive/texmf-dist/tex/latex/adjustbox/tc-pdftex.def
File: tc-pdftex.def 2019/01/04 v2.2 Clipping driver for pdftex
))
\adjbox@Width=\dimen163
\adjbox@Height=\dimen164
\adjbox@Depth=\dimen165
\adjbox@Totalheight=\dimen166
\adjbox@pwidth=\dimen167
\adjbox@pheight=\dimen168
\adjbox@pdepth=\dimen169
\adjbox@ptotalheight=\dimen170

(/usr/share/texlive/texmf-dist/tex/latex/ifoddpage/ifoddpage.sty
Package: ifoddpage 2016/04/23 v1.1 Conditionals for odd/even page detection
\c@checkoddpage=\count198
))
(/usr/share/texlive/texmf-dist/tex/latex/amsfonts/amssymb.sty
Package: amssymb 2013/01/14 v3.01 AMS font symbols

(/usr/share/texlive/texmf-dist/tex/latex/amsfonts/amsfonts.sty
Package: amsfonts 2013/01/14 v3.01 Basic AMSFonts support
\@emptytoks=\toks27
\symAMSa=\mathgroup4
\symAMSb=\mathgroup5
LaTeX Font Info:    Redeclaring math symbol \hbar on input line 98.
LaTeX Font Info:    Overwriting math alphabet `\mathfrak' in version `bold'
(Font)                  U/euf/m/n --> U/euf/b/n on input line 106.
))
(/usr/share/texlive/texmf-dist/tex/latex/stackengine/stackengine.sty
Package: stackengine 2017/02/13 v4.01\ Stacking text and objects in convenient 
ways

(/usr/share/texlive/texmf-dist/tex/latex/etoolbox/etoolbox.sty
Package: etoolbox 2019/09/21 v2.5h e-TeX tools for LaTeX (JAW)
\etb@tempcnta=\count199
)
(/usr/share/texlive/texmf-dist/tex/generic/listofitems/listofitems.sty
(/usr/share/texlive/texmf-dist/tex/generic/listofitems/listofitems.tex
\loi_cnt_foreach_nest=\count266
\loi_nestcnt=\count267
)
Package: listofitems 2019/08/21 v1.63 Grab items in lists using user-specified 
sep char (CT)
)
\c@@stackindex=\count268
\@boxshift=\skip70
\stack@tmplength=\skip71
\temp@stkl=\skip72
\@stackedboxwidth=\skip73
\@addedbox=\box58
\@anchorbox=\box59
\stackedbox=\box60
\@centerbox=\box61
\c@ROWcellindex@=\count269
)
(/usr/share/texlive/texmf-dist/tex/generic/ulem/ulem.sty
\UL@box=\box62
\UL@hyphenbox=\box63
\UL@skip=\skip74
\UL@hook=\toks28
\UL@height=\dimen171
\UL@pe=\count270
\UL@pixel=\dimen172
\ULC@box=\box64
Package: ulem 2019/11/18
\ULdepth=\dimen173
)
\xrefbox=\box65
\xreflength=\skip75
\CodeWidthChar=\skip76
\CodeHeightChar=\skip77
\DoxyCodeWidth=\skip78
)
(/usr/share/texlive/texmf-dist/tex/latex/base/inputenc.sty
Package: inputenc 2018/08/11 v1.3c Input encoding file
\inpenc@prehook=\toks29
\inpenc@posthook=\toks30
)
(/usr/share/texlive/texmf-dist/tex/latex/base/makeidx.sty
Package: makeidx 2014/09/29 v1.0m Standard LaTeX package
)
(/usr/share/texlive/texmf-dist/tex/latex/tools/multicol.sty
Package: multicol 2019/12/09 v1.8y multicolumn formatting (FMi)
\c@tracingmulticols=\count271
\mult@box=\box66
\multicol@leftmargin=\dimen174
\c@unbalance=\count272
\c@collectmore=\count273
\doublecol@number=\count274
\multicoltolerance=\count275
\multicolpretolerance=\count276
\full@width=\dimen175
\page@free=\dimen176
\premulticols=\dimen177
\postmulticols=\dimen178
\multicolsep=\skip79
\multicolbaselineskip=\skip80
\partial@page=\box67
\last@line=\box68
\maxbalancingoverflow=\dimen179
\mult@rightbox=\box69
\mult@grightbox=\box70
\mult@gfirstbox=\box71
\mult@firstbox=\box72
\@tempa=\box73
\@tempa=\box74
\@tempa=\box75
\@tempa=\box76
\@tempa=\box77
\@tempa=\box78
\@tempa=\box79
\@tempa=\box80
\@tempa=\box81
\@tempa=\box82
\@tempa=\box83
\@tempa=\box84
\@tempa=\box85
\@tempa=\box86
\@tempa=\box87
\@tempa=\box88
\@tempa=\box89
\@tempa=\box90
\@tempa=\box91
\@tempa=\box92
\@tempa=\box93
\@tempa=\box94
\@tempa=\box95
\@tempa=\box96
\@tempa=\box97
\@tempa=\box98
\@tempa=\box99
\@tempa=\box100
\@tempa=\box101
\@tempa=\box102
\@tempa=\box103
\@tempa=\box104
\@tempa=\box105
\@tempa=\box106
\@tempa=\box107
\@tempa=\box108
\@tempa=\box109
\c@minrows=\count277
\c@columnbadness=\count278
\c@finalcolumnbadness=\count279
\last@try=\dimen180
\multicolovershoot=\dimen181
\multicolundershoot=\dimen182
\mult@nat@firstbox=\box110
\colbreak@box=\box111
\mc@col@check@num=\count280
)
(/usr/share/texlive/texmf-dist/tex/latex/base/textcomp.sty
Package: textcomp 2020/02/02 v2.0n Standard LaTeX package
)
(/usr/share/texlive/texmf-dist/tex/latex/wasysym/wasysym.sty
Package: wasysym 2020/01/19 v2.4 Wasy-2 symbol support package
\symwasy=\mathgroup6
LaTeX Font Info:    Overwriting symbol font `wasy' in version `bold'
(Font)                  U/wasy/m/n --> U/wasy/b/n on input line 93.
)
(/usr/share/texlive/texmf-dist/tex/generic/iftex/ifxetex.sty
Package: ifxetex 2019/10/25 v0.7 ifxetex legacy package. Use iftex instead.
)
(/usr/share/texlive/texmf-dist/tex/latex/base/fontenc.sty
Package: fontenc 2020/02/11 v2.0o Standard LaTeX package
)
(/usr/share/texlive/texmf-dist/tex/latex/psnfss/helvet.sty
Package: helvet 2005/04/12 PSNFSS-v9.2a (WaS) 
)
(/usr/share/texlive/texmf-dist/tex/latex/psnfss/courier.sty
Package: courier 2005/04/12 PSNFSS-v9.2a (WaS) 
)
(/usr/share/texlive/texmf-dist/tex/latex/sectsty/sectsty.sty
Package: sectsty 2002/02/25 v2.0.2 Commands to change all sectional heading sty
les


LaTeX Warning: Command \underbar  has changed.
               Check if current package is valid.


LaTeX Warning: Command \underline  has changed.
               Check if current package is valid.

) (/usr/share/texlive/texmf-dist/tex/latex/geometry/geometry.sty
Package: geometry 2020/01/02 v5.9 Page Geometry

(/usr/share/texlive/texmf-dist/tex/generic/iftex/ifvtex.sty
Package: ifvtex 2019/10/25 v1.7 ifvtex legacy package. Use iftex instead.
)
\Gm@cnth=\count281
\Gm@cntv=\count282
\c@Gm@tempcnt=\count283
\Gm@bindingoffset=\dimen183
\Gm@wd@mp=\dimen184
\Gm@odd@mp=\dimen185
\Gm@even@mp=\dimen186
\Gm@layoutwidth=\dimen187
\Gm@layoutheight=\dimen188
\Gm@layouthoffset=\dimen189
\Gm@layoutvoffset=\dimen190
\Gm@dimlist=\toks31
)
(/usr/share/texlive/texmf-dist/tex/latex/fancyhdr/fancyhdr.sty
Package: fancyhdr 2019/01/31 v3.10 Extensive control of page headers and footer
s
\f@nch@headwidth=\skip81
\f@nch@O@elh=\skip82
\f@nch@O@erh=\skip83
\f@nch@O@olh=\skip84
\f@nch@O@orh=\skip85
\f@nch@O@elf=\skip86
\f@nch@O@erf=\skip87
\f@nch@O@olf=\skip88
\f@nch@O@orf=\skip89
)
(/usr/share/texlive/texmf-dist/tex/latex/natbib/natbib.sty
Package: natbib 2010/09/13 8.31b (PWD, AO)
\bibhang=\skip90
\bibsep=\skip91
LaTeX Info: Redefining \cite on input line 694.
\c@NAT@ctr=\count284
)
(/usr/share/texlive/texmf-dist/tex/latex/tocloft/tocloft.sty
Package: tocloft 2017/08/31 v2.3i parameterised ToC, etc., typesetting
Package tocloft Info: The document has section divisions on input line 51.
\cftparskip=\skip92
\cftbeforetoctitleskip=\skip93
\cftaftertoctitleskip=\skip94
\cftbeforepartskip=\skip95
\cftpartnumwidth=\skip96
\cftpartindent=\skip97
\cftbeforesecskip=\skip98
\cftsecindent=\skip99
\cftsecnumwidth=\skip100
\cftbeforesubsecskip=\skip101
\cftsubsecindent=\skip102
\cftsubsecnumwidth=\skip103
\cftbeforesubsubsecskip=\skip104
\cftsubsubsecindent=\skip105
\cftsubsubsecnumwidth=\skip106
\cftbeforeparaskip=\skip107
\cftparaindent=\skip108
\cftparanumwidth=\skip109
\cftbeforesubparaskip=\skip110
\cftsubparaindent=\skip111
\cftsubparanumwidth=\skip112
\cftbeforeloftitleskip=\skip113
\cftafterloftitleskip=\skip114
\cftbeforefigskip=\skip115
\cftfigindent=\skip116
\cftfignumwidth=\skip117
\c@lofdepth=\count285
\c@lotdepth=\count286
\cftbeforelottitleskip=\skip118
\cftafterlottitleskip=\skip119
\cftbeforetabskip=\skip120
\cfttabindent=\skip121
\cfttabnumwidth=\skip122
)
\@indexfile=\write4
\openout4 = `refman.idx'.


Writing index file refman.idx
(/usr/share/texlive/texmf-dist/tex/latex/newunicodechar/newunicodechar.sty
Package: newunicodechar 2018/04/08 v1.2 Defining Unicode characters
)

Package newunicodechar Warning: Redefining Unicode character on input line 113.



Package newunicodechar Warning: Redefining Unicode character on input line 114.


(/usr/share/texlive/texmf-dist/tex/latex/hyperref/hyperref.sty
Package: hyperref 2020/01/14 v7.00d Hypertext links for LaTeX

(/usr/share/texlive/texmf-dist/tex/generic/ltxcmds/ltxcmds.sty
Package: ltxcmds 2019/12/15 v1.24 LaTeX kernel commands for general use (HO)
)
(/usr/share/texlive/texmf-dist/tex/latex/pdftexcmds/pdftexcmds.sty
Package: pdftexcmds 2019/11/24 v0.31 Utility functions of pdfTeX for LuaTeX (HO
)

(/usr/share/texlive/texmf-dist/tex/generic/infwarerr/infwarerr.sty
Package: infwarerr 2019/12/03 v1.5 Providing info/warning/error messages (HO)
)
Package pdftexcmds Info: \pdf@primitive is available.
Package pdftexcmds Info: \pdf@ifprimitive is available.
Package pdftexcmds Info: \pdfdraftmode found.
)
(/usr/share/texlive/texmf-dist/tex/generic/kvsetkeys/kvsetkeys.sty
Package: kvsetkeys 2019/12/15 v1.18 Key value parser (HO)
)
(/usr/share/texlive/texmf-dist/tex/generic/kvdefinekeys/kvdefinekeys.sty
Package: kvdefinekeys 2019-12-19 v1.6 Define keys (HO)
)
(/usr/share/texlive/texmf-dist/tex/generic/pdfescape/pdfescape.sty
Package: pdfescape 2019/12/09 v1.15 Implements pdfTeX's escape features (HO)
)
(/usr/share/texlive/texmf-dist/tex/latex/hycolor/hycolor.sty
Package: hycolor 2020-01-27 v1.10 Color options for hyperref/bookmark (HO)
)
(/usr/share/texlive/texmf-dist/tex/latex/letltxmacro/letltxmacro.sty
Package: letltxmacro 2019/12/03 v1.6 Let assignment for LaTeX macros (HO)
)
(/usr/share/texlive/texmf-dist/tex/latex/auxhook/auxhook.sty
Package: auxhook 2019-12-17 v1.6 Hooks for auxiliary files (HO)
)
(/usr/share/texlive/texmf-dist/tex/latex/kvoptions/kvoptions.sty
Package: kvoptions 2019/11/29 v3.13 Key value format for package options (HO)
)
\@linkdim=\dimen191
\Hy@linkcounter=\count287
\Hy@pagecounter=\count288

(/usr/share/texlive/texmf-dist/tex/latex/hyperref/pd1enc.def
File: pd1enc.def 2020/01/14 v7.00d Hyperref: PDFDocEncoding definition (HO)
Now handling font encoding PD1 ...
... no UTF-8 mapping file for font encoding PD1
)
(/usr/share/texlive/texmf-dist/tex/generic/intcalc/intcalc.sty
Package: intcalc 2019/12/15 v1.3 Expandable calculations with integers (HO)
)
(/usr/share/texlive/texmf-dist/tex/generic/etexcmds/etexcmds.sty
Package: etexcmds 2019/12/15 v1.7 Avoid name clashes with e-TeX commands (HO)
)
\Hy@SavedSpaceFactor=\count289
\pdfmajorversion=\count290
Package hyperref Info: Hyper figures OFF on input line 4547.
Package hyperref Info: Link nesting OFF on input line 4552.
Package hyperref Info: Hyper index ON on input line 4555.
Package hyperref Info: Plain pages OFF on input line 4562.
Package hyperref Info: Backreferencing ON on input line 4565.
Package hyperref Info: Implicit mode ON; LaTeX internals redefined.
Package hyperref Info: Bookmarks ON on input line 4800.

(/usr/share/texlive/texmf-dist/tex/latex/hyperref/backref.sty
Package: backref 2020/01/14 v1.40 Bibliographical back referencing

(/usr/share/texlive/texmf-dist/tex/latex/rerunfilecheck/rerunfilecheck.sty
Package: rerunfilecheck 2019/12/05 v1.9 Rerun checks for auxiliary files (HO)

(/usr/share/texlive/texmf-dist/tex/latex/atveryend/atveryend.sty
Package: atveryend 2019-12-11 v1.11 Hooks at the very end of document (HO)
)
(/usr/share/texlive/texmf-dist/tex/generic/uniquecounter/uniquecounter.sty
Package: uniquecounter 2019/12/15 v1.4 Provide unlimited unique counter (HO)

(/usr/share/texlive/texmf-dist/tex/generic/bigintcalc/bigintcalc.sty
Package: bigintcalc 2019/12/15 v1.5 Expandable calculations on big integers (HO
)
))
Package uniquecounter Info: New unique counter `rerunfilecheck' on input line 2
86.
))
\c@Hy@tempcnt=\count291

(/usr/share/texlive/texmf-dist/tex/latex/url/url.sty
\Urlmuskip=\muskip16
Package: url 2013/09/16  ver 3.4  Verb mode for urls, etc.
)
LaTeX Info: Redefining \url on input line 5159.
\XeTeXLinkMargin=\dimen192

(/usr/share/texlive/texmf-dist/tex/generic/bitset/bitset.sty
Package: bitset 2019/12/09 v1.3 Handle bit-vector datatype (HO)
)
\Fld@menulength=\count292
\Field@Width=\dimen193
\Fld@charsize=\dimen194
Package hyperref Info: Hyper figures OFF on input line 6430.
Package hyperref Info: Link nesting OFF on input line 6435.
Package hyperref Info: Hyper index ON on input line 6438.
Package hyperref Info: backreferencing ON on input line 6443.
Package hyperref Info: Link coloring OFF on input line 6450.
Package hyperref Info: Link coloring with OCG OFF on input line 6455.
Package hyperref Info: PDF/A mode OFF on input line 6460.
LaTeX Info: Redefining \ref on input line 6500.
LaTeX Info: Redefining \pageref on input line 6504.

(/usr/share/texlive/texmf-dist/tex/generic/atbegshi/atbegshi.sty
Package: atbegshi 2019/12/05 v1.19 At begin shipout hook (HO)
)
\Hy@abspage=\count293
\c@Item=\count294
\c@Hfootnote=\count295
)
Package hyperref Info: Driver: hpdftex.

(/usr/share/texlive/texmf-dist/tex/latex/hyperref/hpdftex.def
File: hpdftex.def 2020/01/14 v7.00d Hyperref driver for pdfTeX
\Fld@listcount=\count296
\c@bookmark@seq@number=\count297
\Hy@SectionHShift=\skip123
)
Package hyperref Info: Option `colorlinks' set `true' on input line 132.
Package hyperref Info: Option `unicode' set `true' on input line 132.

(/usr/share/texlive/texmf-dist/tex/latex/hyperref/puenc.def
File: puenc.def 2020/01/14 v7.00d Hyperref: PDF Unicode definition (HO)
Now handling font encoding PU ...
... no UTF-8 mapping file for font encoding PU
)
(/usr/share/texlive/texmf-dist/tex/latex/caption/caption.sty
Package: caption 2020/01/03 v3.4h Customizing captions (AR)

(/usr/share/texlive/texmf-dist/tex/latex/caption/caption3.sty
Package: caption3 2020/01/03 v1.8h caption3 kernel (AR)
Package caption3 Info: TeX engine: e-TeX on input line 61.
\captionmargin=\dimen195
\captionmargin@=\dimen196
\captionwidth=\dimen197
\caption@tempdima=\dimen198
\caption@indent=\dimen199
\caption@parindent=\dimen256
\caption@hangindent=\dimen257
Package caption Info: Standard document class detected.
)
\c@caption@flags=\count298
\c@continuedfloat=\count299
Package caption Info: float package is loaded.
Package caption Info: hyperref package is loaded.
Package caption Info: longtable package is loaded.

(/usr/share/texlive/texmf-dist/tex/latex/caption/ltcaption.sty
Package: ltcaption 2018/08/26 v1.4a longtable captions (AR)
))
(/usr/share/texlive/texmf-dist/tex/latex/etoc/etoc.sty
Package: etoc 2019/11/17 v1.09b Completely customisable TOCs (JFB)
\Etoc@toctoks=\toks32
\c@etoc@tocid=\count300
\c@etoc@tocdepth=\count301
\etoc@framed@titlebox=\box112
\etoc@framed@contentsbox=\box113
)
(/usr/share/texlive/texmf-dist/tex/latex/l3backend/l3backend-pdfmode.def
File: l3backend-pdfmode.def 2020-02-03 L3 backend support: PDF mode
\l__kernel_color_stack_int=\count302
\l__pdf_internal_box=\box114
)
(./refman.aux

LaTeX Warning: Label `structiterators_1_1impl_1_1SynthesizedOperators_ae717fa1d
3db284c846e8252a04578586' multiply defined.


LaTeX Warning: Label `structiterators_1_1impl_1_1SynthesizedOperators_ac127a648
1c354fab3db40d5a5d1578a9' multiply defined.


LaTeX Warning: Label `structiterators_1_1impl_1_1SynthesizedOperators_a4abbb126
cce4b732e12e165649d4931d' multiply defined.


LaTeX Warning: Label `structiterators_1_1impl_1_1SynthesizedOperators_a9c1c35b5
1fc142d9ab4ed9c4f98cda23' multiply defined.


LaTeX Warning: Label `structiterators_1_1impl_1_1SynthesizedOperators_a030d4bf4
dbe3b8f1a2c5d32255045ca1' multiply defined.


LaTeX Warning: Label `structiterators_1_1impl_1_1SynthesizedOperators_a12958402
afc74049d23a573c02b67582' multiply defined.


LaTeX Warning: Label `structiterators_1_1impl_1_1SynthesizedOperators_ae717fa1d
3db284c846e8252a04578586' multiply defined.


LaTeX Warning: Label `structiterators_1_1impl_1_1SynthesizedOperators_ac127a648
1c354fab3db40d5a5d1578a9' multiply defined.


LaTeX Warning: Label `structiterators_1_1impl_1_1SynthesizedOperators_a4abbb126
cce4b732e12e165649d4931d' multiply defined.


LaTeX Warning: Label `structiterators_1_1impl_1_1SynthesizedOperators_a9c1c35b5
1fc142d9ab4ed9c4f98cda23' multiply defined.


LaTeX Warning: Label `structiterators_1_1impl_1_1SynthesizedOperators_a030d4bf4
dbe3b8f1a2c5d32255045ca1' multiply defined.


LaTeX Warning: Label `structiterators_1_1impl_1_1SynthesizedOperators_a12958402
afc74049d23a573c02b67582' multiply defined.


LaTeX Warning: Label `namespaceiterators_1_1impl_1_1traits_a4a3cbf0ec8614d1d1fc
3cfae09a8a2fe' multiply defined.


LaTeX Warning: Label `namespaceiterators_1_1impl_1_1traits_aa5811796c3b7d40b89c
8518456abfb69' multiply defined.


LaTeX Warning: Label `namespaceiterators_1_1impl_1_1traits_a67009531c5c47280368
705756d6cebc8' multiply defined.


LaTeX Warning: Label `namespaceiterators_1_1impl_1_1traits_a4af43604a220ab83ab8
718bfd8550fdb' multiply defined.


LaTeX Warning: Label `namespaceiterators_1_1impl_1_1traits_a6de19d42e17b764cf9c
c5d81eaf12120' multiply defined.


LaTeX Warning: Label `namespaceiterators_1_1impl_1_1traits_adbb9caf8294f288c68c
e4a04c6013791' multiply defined.


LaTeX Warning: Label `namespaceiterators_1_1impl_1_1traits_ab5f5c2479b3915f780b
08928bf1d97f1' multiply defined.


LaTeX Warning: Label `namespaceiterators_1_1impl_1_1traits_a21d94a39059c419c343
7963e01435a51' multiply defined.


LaTeX Warning: Label `namespaceiterators_1_1impl_1_1traits_a1ede4b4f53772755c30
d047fb09e59ff' multiply defined.


LaTeX Warning: Label `namespaceiterators_1_1impl_1_1traits_a08a64e484682b5a5673
9b221eeeb6183' multiply defined.

)
\openout1 = `refman.aux'.

LaTeX Font Info:    Checking defaults for OML/cmm/m/it on input line 147.
LaTeX Font Info:    ... okay on input line 147.
LaTeX Font Info:    Checking defaults for OMS/cmsy/m/n on input line 147.
LaTeX Font Info:    ... okay on input line 147.
LaTeX Font Info:    Checking defaults for OT1/cmr/m/n on input line 147.
LaTeX Font Info:    ... okay on input line 147.
LaTeX Font Info:    Checking defaults for T1/cmr/m/n on input line 147.
LaTeX Font Info:    ... okay on input line 147.
LaTeX Font Info:    Checking defaults for TS1/cmr/m/n on input line 147.
LaTeX Font Info:    ... okay on input line 147.
LaTeX Font Info:    Checking defaults for OMX/cmex/m/n on input line 147.
LaTeX Font Info:    ... okay on input line 147.
LaTeX Font Info:    Checking defaults for U/cmr/m/n on input line 147.
LaTeX Font Info:    ... okay on input line 147.
LaTeX Font Info:    Checking defaults for PD1/pdf/m/n on input line 147.
LaTeX Font Info:    ... okay on input line 147.
LaTeX Font Info:    Checking defaults for PU/pdf/m/n on input line 147.
LaTeX Font Info:    ... okay on input line 147.
LaTeX Font Info:    Trying to load font information for T1+phv on input line 14
7.
 (/usr/share/texlive/texmf-dist/tex/latex/psnfss/t1phv.fd
File: t1phv.fd 2001/06/04 scalable font definitions for T1/phv.
)
LaTeX Font Info:    Font shape `T1/phv/m/n' will be
(Font)              scaled to size 8.99994pt on input line 147.

(/usr/share/texlive/texmf-dist/tex/context/base/mkii/supp-pdf.mkii
[Loading MPS to PDF converter (version 2006.09.02).]
\scratchcounter=\count303
\scratchdimen=\dimen258
\scratchbox=\box115
\nofMPsegments=\count304
\nofMParguments=\count305
\everyMPshowfont=\toks33
\MPscratchCnt=\count306
\MPscratchDim=\dimen259
\MPnumerator=\count307
\makeMPintoPDFobject=\count308
\everyMPtoPDFconversion=\toks34
) (/usr/share/texlive/texmf-dist/tex/latex/epstopdf-pkg/epstopdf-base.sty
Package: epstopdf-base 2020-01-24 v2.11 Base part for package epstopdf
Package epstopdf-base Info: Redefining graphics rule for `.eps' on input line 4
85.

(/usr/share/texlive/texmf-dist/tex/latex/latexconfig/epstopdf-sys.cfg
File: epstopdf-sys.cfg 2010/07/13 v1.3 Configuration of (r)epstopdf for TeX Liv
e
))
*geometry* driver: auto-detecting
*geometry* detected driver: pdftex
*geometry* verbose mode - [ preamble ] result:
* driver: pdftex
* paper: a4paper
* layout: <same size as paper>
* layoutoffset:(h,v)=(0.0pt,0.0pt)
* modes: twoside 
* h-part:(L,W,R)=(71.13188pt, 455.24411pt, 71.13188pt)
* v-part:(T,H,B)=(71.13188pt, 702.78308pt, 71.13188pt)
* \paperwidth=597.50787pt
* \paperheight=845.04684pt
* \textwidth=455.24411pt
* \textheight=702.78308pt
* \oddsidemargin=-1.1381pt
* \evensidemargin=-1.1381pt
* \topmargin=-38.1381pt
* \headheight=12.0pt
* \headsep=25.0pt
* \topskip=10.0pt
* \footskip=30.0pt
* \marginparwidth=121.0pt
* \marginparsep=11.0pt
* \columnsep=10.0pt
* \skip\footins=9.0pt plus 4.0pt minus 2.0pt
* \hoffset=0.0pt
* \voffset=0.0pt
* \mag=1000
* \@twocolumnfalse
* \@twosidetrue
* \@mparswitchtrue
* \@reversemarginfalse
* (1in=72.27pt=25.4mm, 1cm=28.453pt)

Package backref Info: ** backref set up for natbib ** on input line 147.
\AtBeginShipoutBox=\box116
Package hyperref Info: Link coloring ON on input line 147.
(/usr/share/texlive/texmf-dist/tex/latex/hyperref/nameref.sty
Package: nameref 2019/09/16 v2.46 Cross-referencing by name of section

(/usr/share/texlive/texmf-dist/tex/latex/refcount/refcount.sty
Package: refcount 2019/12/15 v3.6 Data extraction from label references (HO)
)
(/usr/share/texlive/texmf-dist/tex/generic/gettitlestring/gettitlestring.sty
Package: gettitlestring 2019/12/15 v1.6 Cleanup title references (HO)
)
\c@section@level=\count309
)
LaTeX Info: Redefining \ref on input line 147.
LaTeX Info: Redefining \pageref on input line 147.
LaTeX Info: Redefining \nameref on input line 147.

(./refman.out) (./refman.out)
\@outlinefile=\write5
\openout5 = `refman.out'.

Package caption Info: Begin \AtBeginDocument code.
Package caption Info: End \AtBeginDocument code.
\Etoc@tf=\read4
Package hyperref Info: Option `pageanchor' set `false' on input line 153.
Package hyperref Info: Option `bookmarksnumbered' set `true' on input line 153.

Package hyperref Info: Option `unicode' set `true' on input line 153.
LaTeX Font Info:    Font shape `T1/phv/m/n' will be
(Font)              scaled to size 12.9599pt on input line 158.
LaTeX Font Info:    Font shape `T1/phv/m/n' will be
(Font)              scaled to size 10.79993pt on input line 160.
 [1

{/var/lib/texmf/fonts/map/pdftex/updmap/pdftex.map}]
\tf@toc=\write6
\openout6 = `refman.toc'.

LaTeX Font Info:    Font shape `T1/phv/b/n' will be
(Font)              scaled to size 8.99994pt on input line 165.
LaTeX Font Info:    Trying to load font information for U+msa on input line 165
.
 (/usr/share/texlive/texmf-dist/tex/latex/amsfonts/umsa.fd
File: umsa.fd 2013/01/14 v3.01 AMS symbols A
)
LaTeX Font Info:    Trying to load font information for U+msb on input line 165
.

(/usr/share/texlive/texmf-dist/tex/latex/amsfonts/umsb.fd
File: umsb.fd 2013/01/14 v3.01 AMS symbols B
)
LaTeX Font Info:    Trying to load font information for U+wasy on input line 16
5.

(/usr/share/texlive/texmf-dist/tex/latex/wasysym/uwasy.fd
File: uwasy.fd 2020/01/19 v2.4 Wasy-2 symbol font definitions
)
LaTeX Font Info:    Font shape `T1/phv/m/n' will be
(Font)              scaled to size 6.29996pt on input line 165.
LaTeX Font Info:    Font shape `T1/phv/b/n' will be
(Font)              scaled to size 6.29996pt on input line 165.
 [1]
Package hyperref Info: Option `pageanchor' set `true' on input line 166.
LaTeX Font Info:    Font shape `T1/phv/b/n' will be
(Font)              scaled to size 12.9599pt on input line 169.
 (./index.tex
LaTeX Font Info:    Trying to load font information for T1+pcr on input line 1.


(/usr/share/texlive/texmf-dist/tex/latex/psnfss/t1pcr.fd
File: t1pcr.fd 2001/06/04 font definitions for T1/pcr.
)
LaTeX Font Info:    Font shape `T1/phv/b/n' will be
(Font)              scaled to size 10.79993pt on input line 1.
 [1])
(./namespaceiterators.tex
LaTeX Font Info:    Trying to load font information for TS1+phv on input line 1
1.

(/usr/share/texlive/texmf-dist/tex/latex/psnfss/ts1phv.fd
File: ts1phv.fd 2001/06/04 scalable font definitions for TS1/phv.
)
LaTeX Font Info:    Font shape `TS1/phv/m/n' will be
(Font)              scaled to size 8.99994pt on input line 11.
LaTeX Font Info:    Font shape `T1/phv/m/n' will be
(Font)              scaled to size 8.09995pt on input line 12.
LaTeX Font Info:    Font shape `T1/phv/m/it' in size <9> not available
(Font)              Font shape `T1/phv/m/sl' tried instead on input line 12.
LaTeX Font Info:    Font shape `T1/phv/m/sl' will be
(Font)              scaled to size 8.09995pt on input line 12.
LaTeX Font Info:    Font shape `T1/phv/m/n' will be
(Font)              scaled to size 7.19995pt on input line 16.
 [2]
LaTeX Font Info:    Font shape `T1/pcr/m/it' in size <8> not available
(Font)              Font shape `T1/pcr/m/sl' tried instead on input line 37.

Underfull \hbox (badness 10000) detected at line 61
[][][]
 []

[3]
Underfull \hbox (badness 10000) detected at line 87
[][][]
 []


Underfull \hbox (badness 10000) detected at line 113
[][][]
 []

[4]
Underfull \hbox (badness 10000) detected at line 133
[][][]
 []


Overfull \hbox (32.05357pt too wide) in paragraph at lines 140--142
|  \T1/pcr/m/n/8 Iterators ... \T1/pcr/m/sl/8 iterators \T1/pcr/m/n/8 ) -$\OML/
cmm/m/it/8 >$ []$<$\T1/pcr/m/n/8 std[]::tuple$\OML/cmm/m/it/8 <$\T1/pcr/m/n/8 I
terators...$\OML/cmm/m/it/8 >$$>$  \T1/pcr/m/n/8 [constexpr] 
 []


Underfull \hbox (badness 10000) detected at line 153
[][][]
 []


Underfull \hbox (badness 10000) detected at line 156
[][][]
 []

) (./namespaceiterators_1_1impl.tex [5]
LaTeX Font Info:    Font shape `T1/phv/m/it' in size <7> not available
(Font)              Font shape `T1/phv/m/sl' tried instead on input line 21.
LaTeX Font Info:    Font shape `T1/phv/m/sl' will be
(Font)              scaled to size 6.29996pt on input line 21.
 [6]
Underfull \hbox (badness 10000) detected at line 56
[][][]
 []

) (./namespaceiterators_1_1impl_1_1traits.tex [7])
(./structiterators_1_1impl_1_1CounterIterator.tex

Package hyperref Warning: Token not allowed in a PDF string (Unicode):
(hyperref)                removing `math shift' on input line 1.


Package hyperref Warning: Token not allowed in a PDF string (Unicode):
(hyperref)                removing `math shift' on input line 1.


Package hyperref Warning: Token not allowed in a PDF string (Unicode):
(hyperref)                removing `math shift' on input line 1.


Package hyperref Warning: Token not allowed in a PDF string (Unicode):
(hyperref)                removing `math shift' on input line 1.

 <./structiterators_1_1impl_1_1CounterIterator__inherit__graph.pdf

pdfTeX warning: pdflatex (file ./structiterators_1_1impl_1_1CounterIterator__in
herit__graph.pdf): PDF inclusion: multiple pdfs with page group included in a s
ingle page
>
<structiterators_1_1impl_1_1CounterIterator__inherit__graph.pdf, id=368, 273.02
pt x 269.005pt>
File: structiterators_1_1impl_1_1CounterIterator__inherit__graph.pdf Graphic fi
le (type pdf)
<use structiterators_1_1impl_1_1CounterIterator__inherit__graph.pdf>
Package pdftex.def Info: structiterators_1_1impl_1_1CounterIterator__inherit__g
raph.pdf  used on input line 19.
(pdftex.def)             Requested size: 272.0pt x 268.01509pt.
 <./structiterators_1_1impl_1_1CounterIterator__coll__graph.pdf

pdfTeX warning: pdflatex (file ./structiterators_1_1impl_1_1CounterIterator__co
ll__graph.pdf): PDF inclusion: multiple pdfs with page group included in a sing
le page
>
<structiterators_1_1impl_1_1CounterIterator__coll__graph.pdf, id=376, 273.02pt 
x 269.005pt>
File: structiterators_1_1impl_1_1CounterIterator__coll__graph.pdf Graphic file 
(type pdf)
<use structiterators_1_1impl_1_1CounterIterator__coll__graph.pdf>
Package pdftex.def Info: structiterators_1_1impl_1_1CounterIterator__coll__grap
h.pdf  used on input line 29.
(pdftex.def)             Requested size: 272.0pt x 268.01509pt.
 [8] [9]
LaTeX Font Info:    Font shape `T1/phv/bc/n' will be
(Font)              scaled to size 6.29996pt on input line 99.

Underfull \hbox (badness 10000) detected at line 125
[][][]
 []


Underfull \hbox (badness 10000) in paragraph at lines 135--136
 \T1/phv/b/n/10 3.1.3.1 op-er-a-tor"!=()[] \T1/pcr/m/n/8 constexpr bool []$\OML
/cmm/m/it/8 <$ []$<$ \T1/pcr/m/n/8 T
 []

[10]
Underfull \hbox (badness 10000) detected at line 149
[][][]
 []


Underfull \hbox (badness 10000) in paragraph at lines 156--158
\T1/pcr/m/n/8 constexpr T []$\OML/cmm/m/it/8 <$ \T1/pcr/m/n/8 T $\OML/cmm/m/it/
8 >$[]\T1/pcr/m/n/8 ::operator$\OMS/cmsy/m/n/8 ^^C$ \T1/pcr/m/n/8 ( ) const [in
line], [constexpr],
 []


Underfull \hbox (badness 10000) detected at line 159
[][][]
 []

LaTeX Font Info:    Font shape `T1/phv/b/n' will be
(Font)              scaled to size 7.19995pt on input line 166.

Underfull \hbox (badness 10000) in paragraph at lines 166--168
\T1/pcr/m/n/8 constexpr []& []$\OML/cmm/m/it/8 <$ \T1/pcr/m/n/8 T $\OML/cmm/m/i
t/8 >$[]\T1/pcr/m/n/8 ::operator++ ( ) [inline],
 []


Underfull \hbox (badness 10000) detected at line 169
[][][]
 []


Underfull \vbox (badness 10000) has occurred while \output is active []

 [11]
Underfull \hbox (badness 10000) detected at line 183
[][][]
 []


Underfull \hbox (badness 10000) detected at line 198
[][][]
 []


Underfull \hbox (badness 10000) detected at line 213
[][][]
 []


Underfull \hbox (badness 10000) detected at line 216
[][][]
 []


Underfull \hbox (badness 10000) in paragraph at lines 229--231
\T1/pcr/m/n/8 constexpr []& []$\OML/cmm/m/it/8 <$ \T1/pcr/m/n/8 T $\OML/cmm/m/i
t/8 >$[]\T1/pcr/m/n/8 ::operator-- ( ) [inline],
 []


Underfull \hbox (badness 10000) detected at line 232
[][][]
 []

[12]
Underfull \hbox (badness 10000) detected at line 246
[][][]
 []


Underfull \hbox (badness 10000) detected at line 261
[][][]
 []

[13]
Underfull \hbox (badness 10000) detected at line 276
[][][]
 []


Underfull \hbox (badness 10000) detected at line 283
[][][]
 []


Underfull \hbox (badness 10000) in paragraph at lines 290--291
 \T1/phv/b/n/10 3.1.3.11 operator$\OML/cmm/m/it/10 <$\T1/phv/b/n/10 =()[] \T1/p
cr/m/n/8 constexpr bool []$\OML/cmm/m/it/8 <$ []$<$ \T1/pcr/m/n/8 T
 []


Underfull \hbox (badness 10000) detected at line 304
[][][]
 []


Underfull \hbox (badness 10000) detected at line 319
[][][]
 []

[14]
Underfull \hbox (badness 10000) detected at line 334
[][][]
 []


Underfull \hbox (badness 10000) detected at line 341
[][][]
 []


Underfull \hbox (badness 10000) in paragraph at lines 348--349
 \T1/phv/b/n/10 3.1.3.14 operator$\OML/cmm/m/it/10 >$\T1/phv/b/n/10 =()[] \T1/p
cr/m/n/8 constexpr bool []$\OML/cmm/m/it/8 <$ []$<$ \T1/pcr/m/n/8 T
 []


Underfull \hbox (badness 10000) detected at line 362
[][][]
 []


Underfull \hbox (badness 10000) in paragraph at lines 369--370
 \T1/phv/b/n/10 3.1.3.15 op-er-a-tor[]()[] \T1/pcr/m/n/8 constexpr auto []$\OML
/cmm/m/it/8 <$ []$<$ \T1/pcr/m/n/8 T
 []


Overfull \hbox (18.19756pt too wide) in paragraph at lines 369--370
|  \T1/pcr/m/n/8 typename Implementation[]::difference[]_[]type \T1/pcr/m/sl/8 
n \T1/pcr/m/n/8 ) const [inline], [constexpr], [noexcept],
 []

[15]
Underfull \hbox (badness 10000) detected at line 381
[][][]
 []


Underfull \hbox (badness 10000) detected at line 394
[][][]
 []


Underfull \hbox (badness 10000) detected at line 408
[][][]
 []

) (./structiterators_1_1impl_1_1CounterRange.tex

Package hyperref Warning: Token not allowed in a PDF string (Unicode):
(hyperref)                removing `math shift' on input line 1.


Package hyperref Warning: Token not allowed in a PDF string (Unicode):
(hyperref)                removing `math shift' on input line 1.


Package hyperref Warning: Token not allowed in a PDF string (Unicode):
(hyperref)                removing `math shift' on input line 1.


Package hyperref Warning: Token not allowed in a PDF string (Unicode):
(hyperref)                removing `math shift' on input line 1.

[16]
Underfull \hbox (badness 10000) detected at line 54
[][][]
 []


Underfull \hbox (badness 10000) in paragraph at lines 64--66
\T1/pcr/m/n/8 constexpr []$\OML/cmm/m/it/8 <$\T1/pcr/m/n/8 T$\OML/cmm/m/it/8 >$
 []$<$ \T1/pcr/m/n/8 T $\OML/cmm/m/it/8 >$[]\T1/pcr/m/n/8 ::begin ( ) const [in
line],
 []

[17]
Underfull \hbox (badness 10000) detected at line 67
[][][]
 []


Underfull \hbox (badness 10000) in paragraph at lines 74--76
\T1/pcr/m/n/8 static constexpr [] []$\OML/cmm/m/it/8 <$ \T1/pcr/m/n/8 T $\OML/c
mm/m/it/8 >$[]\T1/pcr/m/n/8 ::end ( ) [inline], [static],
 []


Underfull \hbox (badness 10000) detected at line 77
[][][]
 []

) (./structiterators_1_1impl_1_1SynthesizedOperators.tex

Package hyperref Warning: Token not allowed in a PDF string (Unicode):
(hyperref)                removing `math shift' on input line 1.


Package hyperref Warning: Token not allowed in a PDF string (Unicode):
(hyperref)                removing `math shift' on input line 1.


Package hyperref Warning: Token not allowed in a PDF string (Unicode):
(hyperref)                removing `math shift' on input line 1.


Package hyperref Warning: Token not allowed in a PDF string (Unicode):
(hyperref)                removing `math shift' on input line 1.

 <./structiterators_1_1impl_1_1SynthesizedOperators__inherit__graph.pdf

pdfTeX warning: pdflatex (file ./structiterators_1_1impl_1_1SynthesizedOperator
s__inherit__graph.pdf): PDF inclusion: multiple pdfs with page group included i
n a single page
>
<structiterators_1_1impl_1_1SynthesizedOperators__inherit__graph.pdf, id=613, 7
81.92125pt x 172.645pt>
File: structiterators_1_1impl_1_1SynthesizedOperators__inherit__graph.pdf Graph
ic file (type pdf)
<use structiterators_1_1impl_1_1SynthesizedOperators__inherit__graph.pdf>
Package pdftex.def Info: structiterators_1_1impl_1_1SynthesizedOperators__inher
it__graph.pdf  used on input line 19.
(pdftex.def)             Requested size: 350.0pt x 77.27856pt.

Underfull \hbox (badness 820) in paragraph at lines 29--31
\T1/phv/m/n/10 constexpr Impl [] (int) noexcept(noexcept(--std[]::declval$\OML/
cmm/m/it/10 <$ \T1/phv/m/n/10 Impl $\OML/cmm/m/it/10 >$\T1/phv/m/n/10 ()) &&std
[]::is[]_[]nothrow[]_[]copy[]_[]
 []

[18]pdfTeX warning (ext4): destination with the same identifier (name{structite
rators_1_1impl_1_1SynthesizedOperators_ae717fa1d3db284c846e8\ETC.}) has been al
ready used, duplicate ignored
<to be read again> 
                   \relax 
l.70 ...rators_ae717fa1d3db284c846e8252a04578586}}
                                                  
Overfull \vbox (5.10144pt too high) has occurred while \output is active []


[19]
Underfull \hbox (badness 10000) detected at line 90
[][][]
 []

pdfTeX warning (ext4): destination with the same identifier (name{structiterato
rs_1_1impl_1_1SynthesizedOperators_ac127a6481c354fab3db4\ETC.}) has been alread
y used, duplicate ignored
<to be read again> 
                   \relax 
l.93 ...rators_ac127a6481c354fab3db40d5a5d1578a9}}
                                                  
Underfull \hbox (badness 10000) detected at line 106
[][][]
 []

pdfTeX warning (ext4): destination with the same identifier (name{structiterato
rs_1_1impl_1_1SynthesizedOperators_a4abbb126cce4b732e12e\ETC.}) has been alread
y used, duplicate ignored
<to be read again> 
                   \relax 
l.109 ...ators_a4abbb126cce4b732e12e165649d4931d}}
                                                  
Underfull \hbox (badness 10000) detected at line 122
[][][]
 []

pdfTeX warning (ext4): destination with the same identifier (name{structiterato
rs_1_1impl_1_1SynthesizedOperators_a9c1c35b51fc142d9ab4e\ETC.}) has been alread
y used, duplicate ignored
<to be read again> 
                   \relax 
l.125 ...ators_a9c1c35b51fc142d9ab4ed9c4f98cda23}}
                                                   [20]
Underfull \hbox (badness 10000) detected at line 145
[][][]
 []

pdfTeX warning (ext4): destination with the same identifier (name{structiterato
rs_1_1impl_1_1SynthesizedOperators_a030d4bf4dbe3b8f1a2c5\ETC.}) has been alread
y used, duplicate ignored
<to be read again> 
                   \relax 
l.148 ...ators_a030d4bf4dbe3b8f1a2c5d32255045ca1}}
                                                  
Underfull \hbox (badness 10000) detected at line 168
[][][]
 []

pdfTeX warning (ext4): destination with the same identifier (name{structiterato
rs_1_1impl_1_1SynthesizedOperators_a12958402afc74049d23a\ETC.}) has been alread
y used, duplicate ignored
<to be read again> 
                   \relax 
l.171 ...ators_a12958402afc74049d23a573c02b67582}}
                                                  
Underfull \vbox (badness 10000) has occurred while \output is active []

 [21]
Underfull \hbox (badness 10000) detected at line 189
[][][]
 []


Underfull \hbox (badness 10000) detected at line 215
[][][]
 []


Underfull \vbox (badness 10000) has occurred while \output is active []

 [22]
Underfull \hbox (badness 10000) detected at line 238
[][][]
 []


Underfull \hbox (badness 10000) detected at line 261
[][][]
 []

) (./structiterators_1_1impl_1_1Unreachable.tex)
(./classiterators_1_1impl_1_1ZipIterator.tex

Package hyperref Warning: Token not allowed in a PDF string (Unicode):
(hyperref)                removing `math shift' on input line 1.


Package hyperref Warning: Token not allowed in a PDF string (Unicode):
(hyperref)                removing `math shift' on input line 1.


Package hyperref Warning: Token not allowed in a PDF string (Unicode):
(hyperref)                removing `math shift' on input line 1.


Package hyperref Warning: Token not allowed in a PDF string (Unicode):
(hyperref)                removing `math shift' on input line 1.

[23] <./classiterators_1_1impl_1_1ZipIterator__inherit__graph.pdf

pdfTeX warning: pdflatex (file ./classiterators_1_1impl_1_1ZipIterator__inherit
__graph.pdf): PDF inclusion: multiple pdfs with page group included in a single
 page
>
<classiterators_1_1impl_1_1ZipIterator__inherit__graph.pdf, id=700, 742.775pt x
 194.7275pt>
File: classiterators_1_1impl_1_1ZipIterator__inherit__graph.pdf Graphic file (t
ype pdf)
<use classiterators_1_1impl_1_1ZipIterator__inherit__graph.pdf>
Package pdftex.def Info: classiterators_1_1impl_1_1ZipIterator__inherit__graph.
pdf  used on input line 19.
(pdftex.def)             Requested size: 350.0pt x 91.75665pt.
 <./classiterators_1_1impl_1_1ZipIterator__coll__graph.pdf

pdfTeX warning: pdflatex (file ./classiterators_1_1impl_1_1ZipIterator__coll__g
raph.pdf): PDF inclusion: multiple pdfs with page group included in a single pa
ge
>
<classiterators_1_1impl_1_1ZipIterator__coll__graph.pdf, id=708, 742.775pt x 19
4.7275pt>
File: classiterators_1_1impl_1_1ZipIterator__coll__graph.pdf Graphic file (type
 pdf)
<use classiterators_1_1impl_1_1ZipIterator__coll__graph.pdf>
Package pdftex.def Info: classiterators_1_1impl_1_1ZipIterator__coll__graph.pdf
  used on input line 29.
(pdftex.def)             Requested size: 350.0pt x 91.75665pt.
 [24]
Underfull \hbox (badness 2035) in paragraph at lines 87--89
\T1/phv/m/n/10 constexpr auto [] (difference[]_[]type n) noexcept(traits[]::is[
]_[]nothrow[]_[]compound[]_[]assignable[]_[]
 []

[25] [26]
Underfull \hbox (badness 10000) in paragraph at lines 132--134
\T1/pcr/m/n/8 constexpr auto []$\OML/cmm/m/it/8 <$ \T1/pcr/m/n/8 Iterators $\OM
L/cmm/m/it/8 >$[]\T1/pcr/m/n/8 ::get[]Iterators ( ) const -$\OML/cmm/m/it/8 >$ 
\T1/pcr/m/n/8 const
 []


Underfull \hbox (badness 10000) detected at line 135
[][][]
 []

pdfTeX warning (ext4): destination with the same identifier (name{structiterato
rs_1_1impl_1_1SynthesizedOperators_ae717fa1d3db284c846e8\ETC.}) has been alread
y used, duplicate ignored
<to be read again> 
                   \relax 
l.138 ...ators_ae717fa1d3db284c846e8252a04578586}}
                                                  
Underfull \hbox (badness 10000) detected at line 156
[][][]
 []


Underfull \hbox (badness 10000) in paragraph at lines 163--166
\T1/pcr/m/n/8 template$\OML/cmm/m/it/8 <$\T1/pcr/m/n/8 typename Its = Iterators
, typename = std[]::enable[]_[]if[]_[]t$\OML/cmm/m/it/8 <$\T1/pcr/m/n/8 traits[
]::is[]_[]dereferencible[]_[]v$\OML/cmm/m/it/8 <$[]
 []


Overfull \hbox (31.56456pt too wide) in paragraph at lines 163--166
\T1/pcr/m/n/8 constexpr auto []$\OML/cmm/m/it/8 <$ \T1/pcr/m/n/8 Iterators $\OM
L/cmm/m/it/8 >$[]\T1/pcr/m/n/8 ::operator$\OMS/cmsy/m/n/8 ^^C$ \T1/pcr/m/n/8 ( 
) const [inline], [constexpr],
 []

[27]
Underfull \hbox (badness 10000) detected at line 172
[][][]
 []


Underfull \hbox (badness 10000) in paragraph at lines 179--182
\T1/pcr/m/n/8 template$\OML/cmm/m/it/8 <$\T1/pcr/m/n/8 typename Its = Iterators
, typename = std[]::enable[]_[]if[]_[]t$\OML/cmm/m/it/8 <$\T1/pcr/m/n/8 traits[
]::is[]_[]incrementable[]_[]v$\OML/cmm/m/it/8 <$[]
 []


Underfull \hbox (badness 10000) in paragraph at lines 179--182
\T1/pcr/m/n/8 constexpr []& []$\OML/cmm/m/it/8 <$ \T1/pcr/m/n/8 Iterators $\OML
/cmm/m/it/8 >$[]\T1/pcr/m/n/8 ::operator++ ( ) [inline],
 []


Underfull \hbox (badness 10000) detected at line 188
[][][]
 []

pdfTeX warning (ext4): destination with the same identifier (name{structiterato
rs_1_1impl_1_1SynthesizedOperators_ac127a6481c354fab3db4\ETC.}) has been alread
y used, duplicate ignored
<to be read again> 
                   \relax 
l.191 ...ators_ac127a6481c354fab3db40d5a5d1578a9}}
                                                  
Overfull \hbox (24.96548pt too wide) in paragraph at lines 195--196
 \T1/phv/b/n/10 3.5.2.5 op-er-a-tor++() \T1/pcr/b/n/8 [2/2][] \T1/pcr/m/n/8 con
stexpr []$\OML/cmm/m/it/8 <$ \T1/pcr/m/n/8 Iterators $\OML/cmm/m/it/8 >$ []$<$
 []


Underfull \hbox (badness 10000) detected at line 202
[][][]
 []


Overfull \hbox (23.63116pt too wide) in paragraph at lines 209--212
|  \T1/pcr/m/n/8 difference[]_[]type \T1/pcr/m/sl/8 n \T1/pcr/m/n/8 ) -$\OML/cm
m/m/it/8 >$ \T1/pcr/m/n/8 std[]::enable[]_[]if[]_[]t$\OML/cmm/m/it/8 <$\T1/pcr/
m/n/8 Is[]Random[]Accessible, [] &$\OML/cmm/m/it/8 >$  \T1/pcr/m/n/8 [inline],
 []

[28]
Underfull \hbox (badness 10000) detected at line 223
[][][]
 []


Underfull \hbox (badness 10000) in paragraph at lines 230--233
\T1/pcr/m/n/8 template$\OML/cmm/m/it/8 <$\T1/pcr/m/n/8 typename Its , bool Is[]
Random[]Accessible = traits[]::is[]_[]random[]_[]accessible[]_[]v$\OML/cmm/m/it
/8 <$[]\T1/pcr/m/n/8 Iterators$\OML/cmm/m/it/8 >$\T1/pcr/m/n/8 ,
 []


Underfull \hbox (badness 10000) in paragraph at lines 230--233
|  \T1/pcr/m/n/8 const []$\OML/cmm/m/it/8 <$ \T1/pcr/m/n/8 Its $\OML/cmm/m/it/8
 >$ \T1/pcr/m/n/8 & \T1/pcr/m/sl/8 other \T1/pcr/m/n/8 ) const -$\OML/cmm/m/it/
8 >$ \T1/pcr/m/n/8 std[]::enable[]_[]if[]_[]t$\OML/cmm/m/it/8 <$\T1/pcr/m/n/8 I
s[]Random[]Accessible,
 []


Underfull \hbox (badness 10000) detected at line 246
[][][]
 []


Underfull \hbox (badness 10000) in paragraph at lines 253--256
\T1/pcr/m/n/8 constexpr auto []$\OML/cmm/m/it/8 <$ \T1/pcr/m/n/8 Iterators $\OM
L/cmm/m/it/8 >$[]\T1/pcr/m/n/8 ::operator-- ( ) -$\OML/cmm/m/it/8 >$ \T1/pcr/m/
n/8 std[]::enable[]_[]if[]_[]
 []

[29]
Underfull \hbox (badness 10000) detected at line 262
[][][]
 []

pdfTeX warning (ext4): destination with the same identifier (name{structiterato
rs_1_1impl_1_1SynthesizedOperators_a4abbb126cce4b732e12e\ETC.}) has been alread
y used, duplicate ignored
<to be read again> 
                   \relax 
l.265 ...ators_a4abbb126cce4b732e12e165649d4931d}}
                                                  
Overfull \hbox (20.26755pt too wide) in paragraph at lines 269--270
 \T1/phv/b/n/10 3.5.2.9 operator--() \T1/pcr/b/n/8 [2/2][] \T1/pcr/m/n/8 conste
xpr []$\OML/cmm/m/it/8 <$ \T1/pcr/m/n/8 Iterators $\OML/cmm/m/it/8 >$ []$<$
 []


Underfull \hbox (badness 10000) detected at line 276
[][][]
 []


Overfull \hbox (23.63116pt too wide) in paragraph at lines 283--286
|  \T1/pcr/m/n/8 difference[]_[]type \T1/pcr/m/sl/8 n \T1/pcr/m/n/8 ) -$\OML/cm
m/m/it/8 >$ \T1/pcr/m/n/8 std[]::enable[]_[]if[]_[]t$\OML/cmm/m/it/8 <$\T1/pcr/
m/n/8 Is[]Random[]Accessible, [] &$\OML/cmm/m/it/8 >$  \T1/pcr/m/n/8 [inline],
 []


Underfull \hbox (badness 10000) detected at line 297
[][][]
 []


Underfull \hbox (badness 10000) in paragraph at lines 304--307
\T1/pcr/m/n/8 template$\OML/cmm/m/it/8 <$\T1/pcr/m/n/8 typename Its , bool Is[]
Random[]Accessible = traits[]::is[]_[]random[]_[]accessible[]_[]v$\OML/cmm/m/it
/8 <$[]\T1/pcr/m/n/8 Iterators$\OML/cmm/m/it/8 >$\T1/pcr/m/n/8 ,
 []


Underfull \hbox (badness 10000) in paragraph at lines 304--307
|  \T1/pcr/m/n/8 const []$\OML/cmm/m/it/8 <$ \T1/pcr/m/n/8 Its $\OML/cmm/m/it/8
 >$ \T1/pcr/m/n/8 & \T1/pcr/m/sl/8 other \T1/pcr/m/n/8 ) const -$\OML/cmm/m/it/
8 >$ \T1/pcr/m/n/8 std[]::enable[]_[]if[]_[]t$\OML/cmm/m/it/8 <$\T1/pcr/m/n/8 I
s[]Random[]Accessible,
 []

[30]
Underfull \hbox (badness 10000) detected at line 320
[][][]
 []

pdfTeX warning (ext4): destination with the same identifier (name{structiterato
rs_1_1impl_1_1SynthesizedOperators_a9c1c35b51fc142d9ab4e\ETC.}) has been alread
y used, duplicate ignored
<to be read again> 
                   \relax 
l.323 ...ators_a9c1c35b51fc142d9ab4ed9c4f98cda23}}
                                                  
Overfull \hbox (18.23462pt too wide) in paragraph at lines 327--328
 \T1/phv/b/n/10 3.5.2.12 operator$\OML/cmm/m/it/10 <$\T1/phv/b/n/10 =()[] \T1/p
cr/m/n/8 constexpr bool []$\OML/cmm/m/it/8 <$ []$<$ \T1/pcr/m/n/8 Iterators
 []


Underfull \hbox (badness 10000) detected at line 341
[][][]
 []


Underfull \hbox (badness 10000) in paragraph at lines 348--351
\T1/pcr/m/n/8 template$\OML/cmm/m/it/8 <$\T1/pcr/m/n/8 typename Its , R[]E[]Q[]
U[]I[]R[]E[]S([]Zip[]Iterator[]::one[]Equal([]I[]N[]S[]T[]A[]N[]C[]E[]_[][]O[]F
([]Iterators), I[]N[]S[]T[]A[]N[]C[]E[]_[][]O[]F([]
 []

[31]
Underfull \hbox (badness 10000) detected at line 362
[][][]
 []


Underfull \hbox (badness 10000) in paragraph at lines 369--372
\T1/pcr/m/n/8 template$\OML/cmm/m/it/8 <$\T1/pcr/m/n/8 typename Its , bool Is[]
Random[]Accessible = traits[]::is[]_[]random[]_[]accessible[]_[]v$\OML/cmm/m/it
/8 <$[]\T1/pcr/m/n/8 Iterators$\OML/cmm/m/it/8 >$\T1/pcr/m/n/8 ,
 []


Underfull \hbox (badness 10000) in paragraph at lines 369--372
|  \T1/pcr/m/n/8 const []$\OML/cmm/m/it/8 <$ \T1/pcr/m/n/8 Its $\OML/cmm/m/it/8
 >$ \T1/pcr/m/n/8 & \T1/pcr/m/sl/8 other \T1/pcr/m/n/8 ) const -$\OML/cmm/m/it/
8 >$ \T1/pcr/m/n/8 std[]::enable[]_[]if[]_[]t$\OML/cmm/m/it/8 <$\T1/pcr/m/n/8 I
s[]Random[]Accessible,
 []


Underfull \hbox (badness 10000) detected at line 385
[][][]
 []

pdfTeX warning (ext4): destination with the same identifier (name{structiterato
rs_1_1impl_1_1SynthesizedOperators_a030d4bf4dbe3b8f1a2c5\ETC.}) has been alread
y used, duplicate ignored
<to be read again> 
                   \relax 
l.388 ...ators_a030d4bf4dbe3b8f1a2c5d32255045ca1}}
                                                  
Overfull \hbox (18.23462pt too wide) in paragraph at lines 392--393
 \T1/phv/b/n/10 3.5.2.15 operator$\OML/cmm/m/it/10 >$\T1/phv/b/n/10 =()[] \T1/p
cr/m/n/8 constexpr bool []$\OML/cmm/m/it/8 <$ []$<$ \T1/pcr/m/n/8 Iterators
 []

[32]
Underfull \hbox (badness 10000) detected at line 406
[][][]
 []

pdfTeX warning (ext4): destination with the same identifier (name{structiterato
rs_1_1impl_1_1SynthesizedOperators_a12958402afc74049d23a\ETC.}) has been alread
y used, duplicate ignored
<to be read again> 
                   \relax 
l.409 ...ators_a12958402afc74049d23a573c02b67582}}
                                                  
Overfull \hbox (18.19756pt too wide) in paragraph at lines 413--414
|  \T1/pcr/m/n/8 typename Implementation[]::difference[]_[]type \T1/pcr/m/sl/8 
n \T1/pcr/m/n/8 ) const [inline], [constexpr], [noexcept],
 []


Underfull \hbox (badness 10000) detected at line 425
[][][]
 []


Overfull \hbox (22.45357pt too wide) in paragraph at lines 435--437
|  \T1/pcr/m/n/8 Iterators ... \T1/pcr/m/sl/8 iterators \T1/pcr/m/n/8 ) -$\OML/
cmm/m/it/8 >$ []$<$\T1/pcr/m/n/8 std[]::tuple$\OML/cmm/m/it/8 <$\T1/pcr/m/n/8 I
terators...$\OML/cmm/m/it/8 >$$>$  \T1/pcr/m/n/8 [related] 
 []


Underfull \vbox (badness 10000) has occurred while \output is active []

 [33]
Underfull \hbox (badness 10000) detected at line 448
[][][]
 []


Underfull \hbox (badness 10000) detected at line 451
[][][]
 []

) (./structiterators_1_1impl_1_1ZipView.tex

Package hyperref Warning: Token not allowed in a PDF string (Unicode):
(hyperref)                removing `math shift' on input line 1.


Package hyperref Warning: Token not allowed in a PDF string (Unicode):
(hyperref)                removing `math shift' on input line 1.


Package hyperref Warning: Token not allowed in a PDF string (Unicode):
(hyperref)                removing `math shift' on input line 1.


Package hyperref Warning: Token not allowed in a PDF string (Unicode):
(hyperref)                removing `math shift' on input line 1.

[34]
Underfull \hbox (badness 10000) detected at line 76
[][][]
 []


Underfull \hbox (badness 10000) detected at line 90
[][][]
 []


Underfull \hbox (badness 10000) detected at line 93
[][][]
 []

[35]
Underfull \hbox (badness 10000) detected at line 103
[][][]
 []


Underfull \hbox (badness 10000) detected at line 117
[][][]
 []


Underfull \hbox (badness 10000) detected at line 146
[][][]
 []

[36]
Underfull \hbox (badness 10000) detected at line 166
[][][]
 []

) (./Iterators_8hpp.tex <./Iterators_8hpp__incl.pdf

pdfTeX warning: pdflatex (file ./Iterators_8hpp__incl.pdf): PDF inclusion: mult
iple pdfs with page group included in a single page
>
<Iterators_8hpp__incl.pdf, id=960, 204.765pt x 156.585pt>
File: Iterators_8hpp__incl.pdf Graphic file (type pdf)
<use Iterators_8hpp__incl.pdf>
Package pdftex.def Info: Iterators_8hpp__incl.pdf  used on input line 15.
(pdftex.def)             Requested size: 204.0pt x 156.00879pt.
 [37]pdfTeX warning (ext4): destination with the same identifier (name{namespac
eiterators_1_1impl_1_1traits_a4a3cbf0ec8614d1d1fc3cfae09a8a2f\ETC.}) has been a
lready used, duplicate ignored
<to be read again> 
                   \relax 
l.82 ...traits_a4a3cbf0ec8614d1d1fc3cfae09a8a2fe}}
                                                  pdfTeX warning (ext4): destin
ation with the same identifier (name{namespaceiterators_1_1impl_1_1traits_aa581
1796c3b7d40b89c8518456abfb6\ETC.}) has been already used, duplicate ignored
<to be read again> 
                   \relax 
l.85 ...traits_aa5811796c3b7d40b89c8518456abfb69}}
                                                  pdfTeX warning (ext4): destin
ation with the same identifier (name{namespaceiterators_1_1impl_1_1traits_a6700
9531c5c47280368705756d6cebc\ETC.}) has been already used, duplicate ignored
<to be read again> 
                   \relax 
l.88 ...traits_a67009531c5c47280368705756d6cebc8}}
                                                  pdfTeX warning (ext4): destin
ation with the same identifier (name{namespaceiterators_1_1impl_1_1traits_a4af4
3604a220ab83ab8718bfd8550fd\ETC.}) has been already used, duplicate ignored
<to be read again> 
                   \relax 
l.91 ...traits_a4af43604a220ab83ab8718bfd8550fdb}}
                                                   [38]pdfTeX warning (ext4): d
estination with the same identifier (name{namespaceiterators_1_1impl_1_1traits_
a6de19d42e17b764cf9cc5d81eaf1212\ETC.}) has been already used, duplicate ignore
d
<to be read again> 
                   \relax 
l.112 ...raits_a6de19d42e17b764cf9cc5d81eaf12120}}
                                                  pdfTeX warning (ext4): destin
ation with the same identifier (name{namespaceiterators_1_1impl_1_1traits_adbb9
caf8294f288c68ce4a04c601379\ETC.}) has been already used, duplicate ignored
<to be read again> 
                   \relax 
l.115 ...raits_adbb9caf8294f288c68ce4a04c6013791}}
                                                  pdfTeX warning (ext4): destin
ation with the same identifier (name{namespaceiterators_1_1impl_1_1traits_ab5f5
c2479b3915f780b08928bf1d97f\ETC.}) has been already used, duplicate ignored
<to be read again> 
                   \relax 
l.118 ...raits_ab5f5c2479b3915f780b08928bf1d97f1}}
                                                  pdfTeX warning (ext4): destin
ation with the same identifier (name{namespaceiterators_1_1impl_1_1traits_a21d9
4a39059c419c3437963e01435a5\ETC.}) has been already used, duplicate ignored
<to be read again> 
                   \relax 
l.121 ...raits_a21d94a39059c419c3437963e01435a51}}
                                                  pdfTeX warning (ext4): destin
ation with the same identifier (name{namespaceiterators_1_1impl_1_1traits_a1ede
4b4f53772755c30d047fb09e59f\ETC.}) has been already used, duplicate ignored
<to be read again> 
                   \relax 
l.124 ...raits_a1ede4b4f53772755c30d047fb09e59ff}}
                                                  pdfTeX warning (ext4): destin
ation with the same identifier (name{namespaceiterators_1_1impl_1_1traits_a08a6
4e484682b5a56739b221eeeb618\ETC.}) has been already used, duplicate ignored
<to be read again> 
                   \relax 
l.127 ...raits_a08a64e484682b5a56739b221eeeb6183}}
                                                  
Underfull \hbox (badness 10000) detected at line 135
[][][]
 []


Underfull \hbox (badness 10000) detected at line 138
[][][]
 []

LaTeX Font Info:    Font shape `T1/pcr/m/it' in size <7> not available
(Font)              Font shape `T1/pcr/m/sl' tried instead on input line 148.
[39]) [40] (./refman.ind
LaTeX Font Info:    Font shape `T1/phv/bc/n' will be
(Font)              scaled to size 12.9599pt on input line 1.
 [41


] [42

])
Package atveryend Info: Empty hook `BeforeClearDocument' on input line 193.
Package atveryend Info: Empty hook `AfterLastShipout' on input line 193.
 (./refman.aux)
Package atveryend Info: Executing hook `AtVeryEndDocument' on input line 193.
Package atveryend Info: Executing hook `AtEndAfterFileList' on input line 193.
Package rerunfilecheck Info: File `refman.out' has not changed.
(rerunfilecheck)             Checksum: 724B3744CB5907FFA94823D50D2719FF;11032.


LaTeX Warning: There were multiply-defined labels.

 ) 
Here is how much of TeX's memory you used:
 17086 strings out of 483183
 257701 string characters out of 5966292
 549456 words of memory out of 5000000
 31389 multiletter control sequences out of 15000+600000
 587287 words of font info for 99 fonts, out of 8000000 for 9000
 14 hyphenation exceptions out of 8191
 55i,16n,96p,938b,627s stack positions out of 5000i,500n,10000p,200000b,80000s
{/usr/share/texlive/texmf-dist/fonts/enc/dvips/base/8r.enc}</usr/share/texliv
e/texmf-dist/fonts/type1/public/amsfonts/cm/cmmi10.pfb></usr/share/texlive/texm
f-dist/fonts/type1/public/amsfonts/cm/cmmi12.pfb></usr/share/texlive/texmf-dist
/fonts/type1/public/amsfonts/cm/cmmi7.pfb></usr/share/texlive/texmf-dist/fonts/
type1/public/amsfonts/cm/cmmi8.pfb></usr/share/texlive/texmf-dist/fonts/type1/p
ublic/amsfonts/cm/cmsy10.pfb></usr/share/texlive/texmf-dist/fonts/type1/public/
amsfonts/cm/cmsy7.pfb></usr/share/texlive/texmf-dist/fonts/type1/public/amsfont
s/cm/cmsy8.pfb></usr/share/texlive/texmf-dist/fonts/type1/urw/courier/ucrb8a.pf
b></usr/share/texlive/texmf-dist/fonts/type1/urw/courier/ucrr8a.pfb></usr/share
/texlive/texmf-dist/fonts/type1/urw/courier/ucrro8a.pfb></usr/share/texlive/tex
mf-dist/fonts/type1/urw/helvetic/uhvb8a.pfb></usr/share/texlive/texmf-dist/font
s/type1/urw/helvetic/uhvb8ac.pfb></usr/share/texlive/texmf-dist/fonts/type1/urw
/helvetic/uhvr8a.pfb></usr/share/texlive/texmf-dist/fonts/type1/urw/helvetic/uh
vro8a.pfb>
Output written on refman.pdf (44 pages, 272071 bytes).
PDF statistics:
 1301 PDF objects out of 1440 (max. 8388607)
 1205 compressed objects within 13 object streams
 373 named destinations out of 1000 (max. 500000)
 383 words of extra memory for PDF output out of 10000 (max. 10000000)

